[aslparser] [file:src/agt/giacomo.asl:52] warning: The internal action class for '.deployNFT(S,P,Q,I,M,registredContract(ArtId))' was not loaded! Error: java.lang.ClassNotFoundException: jason.stdlib.deployNFT
[aslparser] [file:src/agt/giacomo.asl:145] warning: The internal action class for '.transferNFT(S,P,Q,ContractID,CompanyPublicKey,M,agreement(Company,ArtId,Price))' was not loaded! Error: java.lang.ClassNotFoundException: jason.stdlib.transferNFT
[aslparser] [file:src/agt/giacomo.asl:155] warning: The internal action class for '.transferToken(S,P,Q,C,CompanyPublicKey,Price,paymentTransaction(ArtID))' was not loaded! Error: java.lang.ClassNotFoundException: jason.stdlib.transferToken
[aslparser] [file:src/agt/inc/org_code.asl:41] warning: The internal action class for '.buildWallet(myWallet)' was not loaded! Error: java.lang.ClassNotFoundException: jason.stdlib.buildWallet
[aslparser] [file:src/agt/inc/org_code.asl:56] warning: The internal action class for '.stampTransaction(S,P,Q,TransactionID)' was not loaded! Error: java.lang.ClassNotFoundException: jason.stdlib.stampTransaction
[aslparser] [file:src/agt/inc/org_code.asl:70] warning: The internal action class for '.stampTransaction(S,P,Q,PaymentTransaction)' was not loaded! Error: java.lang.ClassNotFoundException: jason.stdlib.stampTransaction
[aslparser] [file:src/agt/inc/org_code.asl:72] warning: The internal action class for '.transferNFT(S,P,Q,ContractID,W,M,payed(ArtID))' was not loaded! Error: java.lang.ClassNotFoundException: jason.stdlib.transferNFT
[aslparser] [file:src/agt/inc/org_code.asl:41] warning: The internal action class for '.buildWallet(myWallet)' was not loaded! Error: java.lang.ClassNotFoundException: jason.stdlib.buildWallet
[aslparser] [file:src/agt/inc/org_code.asl:56] warning: The internal action class for '.stampTransaction(S,P,Q,TransactionID)' was not loaded! Error: java.lang.ClassNotFoundException: jason.stdlib.stampTransaction
[aslparser] [file:src/agt/inc/org_code.asl:70] warning: The internal action class for '.stampTransaction(S,P,Q,PaymentTransaction)' was not loaded! Error: java.lang.ClassNotFoundException: jason.stdlib.stampTransaction
[aslparser] [file:src/agt/inc/org_code.asl:72] warning: The internal action class for '.transferNFT(S,P,Q,ContractID,W,M,payed(ArtID))' was not loaded! Error: java.lang.ClassNotFoundException: jason.stdlib.transferNFT
[aslparser] [file:src/agt/inc/org_code.asl:41] warning: The internal action class for '.buildWallet(myWallet)' was not loaded! Error: java.lang.ClassNotFoundException: jason.stdlib.buildWallet
[aslparser] [file:src/agt/inc/org_code.asl:56] warning: The internal action class for '.stampTransaction(S,P,Q,TransactionID)' was not loaded! Error: java.lang.ClassNotFoundException: jason.stdlib.stampTransaction
[aslparser] [file:src/agt/inc/org_code.asl:70] warning: The internal action class for '.stampTransaction(S,P,Q,PaymentTransaction)' was not loaded! Error: java.lang.ClassNotFoundException: jason.stdlib.stampTransaction
[aslparser] [file:src/agt/inc/org_code.asl:72] warning: The internal action class for '.transferNFT(S,P,Q,ContractID,W,M,payed(ArtID))' was not loaded! Error: java.lang.ClassNotFoundException: jason.stdlib.transferNFT
[aslparser] [file:src/agt/inc/org_code.asl:41] warning: The internal action class for '.buildWallet(myWallet)' was not loaded! Error: java.lang.ClassNotFoundException: jason.stdlib.buildWallet
[aslparser] [file:src/agt/inc/org_code.asl:56] warning: The internal action class for '.stampTransaction(S,P,Q,TransactionID)' was not loaded! Error: java.lang.ClassNotFoundException: jason.stdlib.stampTransaction
[aslparser] [file:src/agt/inc/org_code.asl:70] warning: The internal action class for '.stampTransaction(S,P,Q,PaymentTransaction)' was not loaded! Error: java.lang.ClassNotFoundException: jason.stdlib.stampTransaction
[aslparser] [file:src/agt/inc/org_code.asl:72] warning: The internal action class for '.transferNFT(S,P,Q,ContractID,W,M,payed(ArtID))' was not loaded! Error: java.lang.ClassNotFoundException: jason.stdlib.transferNFT
[aslparser] [file:src/agt/inc/org_code.asl:41] warning: The internal action class for '.buildWallet(myWallet)' was not loaded! Error: java.lang.ClassNotFoundException: jason.stdlib.buildWallet
[aslparser] [file:src/agt/inc/org_code.asl:56] warning: The internal action class for '.stampTransaction(S,P,Q,TransactionID)' was not loaded! Error: java.lang.ClassNotFoundException: jason.stdlib.stampTransaction
[aslparser] [file:src/agt/inc/org_code.asl:70] warning: The internal action class for '.stampTransaction(S,P,Q,PaymentTransaction)' was not loaded! Error: java.lang.ClassNotFoundException: jason.stdlib.stampTransaction
[aslparser] [file:src/agt/inc/org_code.asl:72] warning: The internal action class for '.transferNFT(S,P,Q,ContractID,W,M,payed(ArtID))' was not loaded! Error: java.lang.ClassNotFoundException: jason.stdlib.transferNFT
[aslparser] [file:src/agt/inc/org_code.asl:41] warning: The internal action class for '.buildWallet(myWallet)' was not loaded! Error: java.lang.ClassNotFoundException: jason.stdlib.buildWallet
[aslparser] [file:src/agt/inc/org_code.asl:56] warning: The internal action class for '.stampTransaction(S,P,Q,TransactionID)' was not loaded! Error: java.lang.ClassNotFoundException: jason.stdlib.stampTransaction
[aslparser] [file:src/agt/inc/org_code.asl:70] warning: The internal action class for '.stampTransaction(S,P,Q,PaymentTransaction)' was not loaded! Error: java.lang.ClassNotFoundException: jason.stdlib.stampTransaction
[aslparser] [file:src/agt/inc/org_code.asl:72] warning: The internal action class for '.transferNFT(S,P,Q,ContractID,W,M,payed(ArtID))' was not loaded! Error: java.lang.ClassNotFoundException: jason.stdlib.transferNFT
[aslparser] [file:src/agt/inc/org_code.asl:41] warning: The internal action class for '.buildWallet(myWallet)' was not loaded! Error: java.lang.ClassNotFoundException: jason.stdlib.buildWallet
[aslparser] [file:src/agt/inc/org_code.asl:56] warning: The internal action class for '.stampTransaction(S,P,Q,TransactionID)' was not loaded! Error: java.lang.ClassNotFoundException: jason.stdlib.stampTransaction
[aslparser] [file:src/agt/inc/org_code.asl:70] warning: The internal action class for '.stampTransaction(S,P,Q,PaymentTransaction)' was not loaded! Error: java.lang.ClassNotFoundException: jason.stdlib.stampTransaction
[aslparser] [file:src/agt/inc/org_code.asl:72] warning: The internal action class for '.transferNFT(S,P,Q,ContractID,W,M,payed(ArtID))' was not loaded! Error: java.lang.ClassNotFoundException: jason.stdlib.transferNFT
[aslparser] [file:src/agt/inc/org_code.asl:41] warning: The internal action class for '.buildWallet(myWallet)' was not loaded! Error: java.lang.ClassNotFoundException: jason.stdlib.buildWallet
[aslparser] [file:src/agt/inc/org_code.asl:56] warning: The internal action class for '.stampTransaction(S,P,Q,TransactionID)' was not loaded! Error: java.lang.ClassNotFoundException: jason.stdlib.stampTransaction
[aslparser] [file:src/agt/inc/org_code.asl:70] warning: The internal action class for '.stampTransaction(S,P,Q,PaymentTransaction)' was not loaded! Error: java.lang.ClassNotFoundException: jason.stdlib.stampTransaction
[aslparser] [file:src/agt/inc/org_code.asl:72] warning: The internal action class for '.transferNFT(S,P,Q,ContractID,W,M,payed(ArtID))' was not loaded! Error: java.lang.ClassNotFoundException: jason.stdlib.transferNFT
[aslparser] [file:src/agt/inc/org_code.asl:41] warning: The internal action class for '.buildWallet(myWallet)' was not loaded! Error: java.lang.ClassNotFoundException: jason.stdlib.buildWallet
[aslparser] [file:src/agt/inc/org_code.asl:56] warning: The internal action class for '.stampTransaction(S,P,Q,TransactionID)' was not loaded! Error: java.lang.ClassNotFoundException: jason.stdlib.stampTransaction
[aslparser] [file:src/agt/inc/org_code.asl:70] warning: The internal action class for '.stampTransaction(S,P,Q,PaymentTransaction)' was not loaded! Error: java.lang.ClassNotFoundException: jason.stdlib.stampTransaction
[aslparser] [file:src/agt/inc/org_code.asl:72] warning: The internal action class for '.transferNFT(S,P,Q,ContractID,W,M,payed(ArtID))' was not loaded! Error: java.lang.ClassNotFoundException: jason.stdlib.transferNFT
[aslparser] [file:src/agt/inc/org_code.asl:41] warning: The internal action class for '.buildWallet(myWallet)' was not loaded! Error: java.lang.ClassNotFoundException: jason.stdlib.buildWallet
[aslparser] [file:src/agt/inc/org_code.asl:56] warning: The internal action class for '.stampTransaction(S,P,Q,TransactionID)' was not loaded! Error: java.lang.ClassNotFoundException: jason.stdlib.stampTransaction
[aslparser] [file:src/agt/inc/org_code.asl:70] warning: The internal action class for '.stampTransaction(S,P,Q,PaymentTransaction)' was not loaded! Error: java.lang.ClassNotFoundException: jason.stdlib.stampTransaction
[aslparser] [file:src/agt/inc/org_code.asl:72] warning: The internal action class for '.transferNFT(S,P,Q,ContractID,W,M,payed(ArtID))' was not loaded! Error: java.lang.ClassNotFoundException: jason.stdlib.transferNFT
[aslparser] [file:src/agt/inc/org_code.asl:41] warning: The internal action class for '.buildWallet(myWallet)' was not loaded! Error: java.lang.ClassNotFoundException: jason.stdlib.buildWallet
[aslparser] [file:src/agt/inc/org_code.asl:56] warning: The internal action class for '.stampTransaction(S,P,Q,TransactionID)' was not loaded! Error: java.lang.ClassNotFoundException: jason.stdlib.stampTransaction
[aslparser] [file:src/agt/inc/org_code.asl:70] warning: The internal action class for '.stampTransaction(S,P,Q,PaymentTransaction)' was not loaded! Error: java.lang.ClassNotFoundException: jason.stdlib.stampTransaction
[aslparser] [file:src/agt/inc/org_code.asl:72] warning: The internal action class for '.transferNFT(S,P,Q,ContractID,W,M,payed(ArtID))' was not loaded! Error: java.lang.ClassNotFoundException: jason.stdlib.transferNFT
[aslparser] [file:src/agt/inc/org_code.asl:41] warning: The internal action class for '.buildWallet(myWallet)' was not loaded! Error: java.lang.ClassNotFoundException: jason.stdlib.buildWallet
[aslparser] [file:src/agt/inc/org_code.asl:56] warning: The internal action class for '.stampTransaction(S,P,Q,TransactionID)' was not loaded! Error: java.lang.ClassNotFoundException: jason.stdlib.stampTransaction
[aslparser] [file:src/agt/inc/org_code.asl:70] warning: The internal action class for '.stampTransaction(S,P,Q,PaymentTransaction)' was not loaded! Error: java.lang.ClassNotFoundException: jason.stdlib.stampTransaction
[aslparser] [file:src/agt/inc/org_code.asl:72] warning: The internal action class for '.transferNFT(S,P,Q,ContractID,W,M,payed(ArtID))' was not loaded! Error: java.lang.ClassNotFoundException: jason.stdlib.transferNFT
[aslparser] [file:src/agt/inc/org_code.asl:41] warning: The internal action class for '.buildWallet(myWallet)' was not loaded! Error: java.lang.ClassNotFoundException: jason.stdlib.buildWallet
[aslparser] [file:src/agt/inc/org_code.asl:56] warning: The internal action class for '.stampTransaction(S,P,Q,TransactionID)' was not loaded! Error: java.lang.ClassNotFoundException: jason.stdlib.stampTransaction
[aslparser] [file:src/agt/inc/org_code.asl:70] warning: The internal action class for '.stampTransaction(S,P,Q,PaymentTransaction)' was not loaded! Error: java.lang.ClassNotFoundException: jason.stdlib.stampTransaction
[aslparser] [file:src/agt/inc/org_code.asl:72] warning: The internal action class for '.transferNFT(S,P,Q,ContractID,W,M,payed(ArtID))' was not loaded! Error: java.lang.ClassNotFoundException: jason.stdlib.transferNFT
[aslparser] [file:src/agt/inc/org_code.asl:41] warning: The internal action class for '.buildWallet(myWallet)' was not loaded! Error: java.lang.ClassNotFoundException: jason.stdlib.buildWallet
[aslparser] [file:src/agt/inc/org_code.asl:56] warning: The internal action class for '.stampTransaction(S,P,Q,TransactionID)' was not loaded! Error: java.lang.ClassNotFoundException: jason.stdlib.stampTransaction
[aslparser] [file:src/agt/inc/org_code.asl:70] warning: The internal action class for '.stampTransaction(S,P,Q,PaymentTransaction)' was not loaded! Error: java.lang.ClassNotFoundException: jason.stdlib.stampTransaction
[aslparser] [file:src/agt/inc/org_code.asl:72] warning: The internal action class for '.transferNFT(S,P,Q,ContractID,W,M,payed(ArtID))' was not loaded! Error: java.lang.ClassNotFoundException: jason.stdlib.transferNFT
[aslparser] [file:src/agt/inc/org_code.asl:41] warning: The internal action class for '.buildWallet(myWallet)' was not loaded! Error: java.lang.ClassNotFoundException: jason.stdlib.buildWallet
[aslparser] [file:src/agt/inc/org_code.asl:56] warning: The internal action class for '.stampTransaction(S,P,Q,TransactionID)' was not loaded! Error: java.lang.ClassNotFoundException: jason.stdlib.stampTransaction
[aslparser] [file:src/agt/inc/org_code.asl:70] warning: The internal action class for '.stampTransaction(S,P,Q,PaymentTransaction)' was not loaded! Error: java.lang.ClassNotFoundException: jason.stdlib.stampTransaction
[aslparser] [file:src/agt/inc/org_code.asl:72] warning: The internal action class for '.transferNFT(S,P,Q,ContractID,W,M,payed(ArtID))' was not loaded! Error: java.lang.ClassNotFoundException: jason.stdlib.transferNFT
[aslparser] [file:src/agt/inc/org_code.asl:41] warning: The internal action class for '.buildWallet(myWallet)' was not loaded! Error: java.lang.ClassNotFoundException: jason.stdlib.buildWallet
[aslparser] [file:src/agt/inc/org_code.asl:56] warning: The internal action class for '.stampTransaction(S,P,Q,TransactionID)' was not loaded! Error: java.lang.ClassNotFoundException: jason.stdlib.stampTransaction
[aslparser] [file:src/agt/inc/org_code.asl:70] warning: The internal action class for '.stampTransaction(S,P,Q,PaymentTransaction)' was not loaded! Error: java.lang.ClassNotFoundException: jason.stdlib.stampTransaction
[aslparser] [file:src/agt/inc/org_code.asl:72] warning: The internal action class for '.transferNFT(S,P,Q,ContractID,W,M,payed(ArtID))' was not loaded! Error: java.lang.ClassNotFoundException: jason.stdlib.transferNFT
[aslparser] [file:src/agt/inc/org_code.asl:41] warning: The internal action class for '.buildWallet(myWallet)' was not loaded! Error: java.lang.ClassNotFoundException: jason.stdlib.buildWallet
[aslparser] [file:src/agt/inc/org_code.asl:56] warning: The internal action class for '.stampTransaction(S,P,Q,TransactionID)' was not loaded! Error: java.lang.ClassNotFoundException: jason.stdlib.stampTransaction
[aslparser] [file:src/agt/inc/org_code.asl:70] warning: The internal action class for '.stampTransaction(S,P,Q,PaymentTransaction)' was not loaded! Error: java.lang.ClassNotFoundException: jason.stdlib.stampTransaction
[aslparser] [file:src/agt/inc/org_code.asl:72] warning: The internal action class for '.transferNFT(S,P,Q,ContractID,W,M,payed(ArtID))' was not loaded! Error: java.lang.ClassNotFoundException: jason.stdlib.transferNFT
[aslparser] [file:src/agt/inc/org_code.asl:41] warning: The internal action class for '.buildWallet(myWallet)' was not loaded! Error: java.lang.ClassNotFoundException: jason.stdlib.buildWallet
[aslparser] [file:src/agt/inc/org_code.asl:56] warning: The internal action class for '.stampTransaction(S,P,Q,TransactionID)' was not loaded! Error: java.lang.ClassNotFoundException: jason.stdlib.stampTransaction
[aslparser] [file:src/agt/inc/org_code.asl:70] warning: The internal action class for '.stampTransaction(S,P,Q,PaymentTransaction)' was not loaded! Error: java.lang.ClassNotFoundException: jason.stdlib.stampTransaction
[aslparser] [file:src/agt/inc/org_code.asl:72] warning: The internal action class for '.transferNFT(S,P,Q,ContractID,W,M,payed(ArtID))' was not loaded! Error: java.lang.ClassNotFoundException: jason.stdlib.transferNFT
[aslparser] [file:src/agt/inc/org_code.asl:41] warning: The internal action class for '.buildWallet(myWallet)' was not loaded! Error: java.lang.ClassNotFoundException: jason.stdlib.buildWallet
[aslparser] [file:src/agt/inc/org_code.asl:56] warning: The internal action class for '.stampTransaction(S,P,Q,TransactionID)' was not loaded! Error: java.lang.ClassNotFoundException: jason.stdlib.stampTransaction
[aslparser] [file:src/agt/inc/org_code.asl:70] warning: The internal action class for '.stampTransaction(S,P,Q,PaymentTransaction)' was not loaded! Error: java.lang.ClassNotFoundException: jason.stdlib.stampTransaction
[aslparser] [file:src/agt/inc/org_code.asl:72] warning: The internal action class for '.transferNFT(S,P,Q,ContractID,W,M,payed(ArtID))' was not loaded! Error: java.lang.ClassNotFoundException: jason.stdlib.transferNFT
[aslparser] [file:src/agt/inc/org_code.asl:41] warning: The internal action class for '.buildWallet(myWallet)' was not loaded! Error: java.lang.ClassNotFoundException: jason.stdlib.buildWallet
[aslparser] [file:src/agt/inc/org_code.asl:56] warning: The internal action class for '.stampTransaction(S,P,Q,TransactionID)' was not loaded! Error: java.lang.ClassNotFoundException: jason.stdlib.stampTransaction
[aslparser] [file:src/agt/inc/org_code.asl:70] warning: The internal action class for '.stampTransaction(S,P,Q,PaymentTransaction)' was not loaded! Error: java.lang.ClassNotFoundException: jason.stdlib.stampTransaction
[aslparser] [file:src/agt/inc/org_code.asl:72] warning: The internal action class for '.transferNFT(S,P,Q,ContractID,W,M,payed(ArtID))' was not loaded! Error: java.lang.ClassNotFoundException: jason.stdlib.transferNFT
[aslparser] [file:src/agt/inc/org_code.asl:41] warning: The internal action class for '.buildWallet(myWallet)' was not loaded! Error: java.lang.ClassNotFoundException: jason.stdlib.buildWallet
[aslparser] [file:src/agt/inc/org_code.asl:56] warning: The internal action class for '.stampTransaction(S,P,Q,TransactionID)' was not loaded! Error: java.lang.ClassNotFoundException: jason.stdlib.stampTransaction
[aslparser] [file:src/agt/inc/org_code.asl:70] warning: The internal action class for '.stampTransaction(S,P,Q,PaymentTransaction)' was not loaded! Error: java.lang.ClassNotFoundException: jason.stdlib.stampTransaction
[aslparser] [file:src/agt/inc/org_code.asl:72] warning: The internal action class for '.transferNFT(S,P,Q,ContractID,W,M,payed(ArtID))' was not loaded! Error: java.lang.ClassNotFoundException: jason.stdlib.transferNFT
[CAgentArch] Action failed: .deployNFT("http://testchain.chon.group:9984","Y7f3X2UoZVqk26bo4Upe54e6K7qETzKC7CoagmEptUi","JAX5tpv1xgkbkPvr3PX4LBP4ZugzL9aDtfGFq2cwTL8u","Contract of:SitePreparation","MaxPrice:2000",registredContract(cobj_2)), in namespace default, operation ( .deployNFT http://testchain.chon.group:9984 Y7f3X2UoZVqk26bo4Upe54e6K7qETzKC7CoagmEptUi JAX5tpv1xgkbkPvr3PX4LBP4ZugzL9aDtfGFq2cwTL8u Contract of:SitePreparation MaxPrice:2000 registredContract(cobj_2) )
[giacomo] Could not finish intention:
intention 2: 
    +!create_auction_artifact("SitePreparation",2000)[source(self)] <- ... .deployNFT(S,P,Q,I,M,registredContract(ArtId)); .wait(registredContract(ArtId,ContractID)) / {P="Y7f3X2UoZVqk26bo4Upe54e6K7qETzKC7CoagmEptUi", Q="JAX5tpv1xgkbkPvr3PX4LBP4ZugzL9aDtfGFq2cwTL8u", Task="SitePreparation", S="http://testchain.chon.group:9984", ArtId=cobj_2, I="Contract of:SitePreparation", ArtName="auction_for_SitePreparation", MaxPrice=2000, M="MaxPrice:2000"}
    +!create_auction_artifacts[source(self)] <- ... !create_auction_artifact("SitePreparation",2000); !create_auction_artifact("Floors",1000); !create_auction_artifact("Walls",1000); !create_auction_artifact("Roof",2000); !create_auction_artifact("WindowsDoors",2500); !create_auction_artifact("Plumbing",500); !create_auction_artifact("ElectricalSystem",500); !create_auction_artifact("Painting",1200) / {}
    +!contract[source(self)] <- ... !create_auction_artifacts; !wait_for_bids / {}
    +!have_a_house[source(self)] <- ... !contract; !execute / {}

[giacomo] Found a goal for which there is no applicable plan: -!create_auction_artifact("SitePreparation",2000)[code(.deployNFT("http://testchain.chon.group:9984","Y7f3X2UoZVqk26bo4Upe54e6K7qETzKC7CoagmEptUi","JAX5tpv1xgkbkPvr3PX4LBP4ZugzL9aDtfGFq2cwTL8u","Contract of:SitePreparation","MaxPrice:2000",registredContract(cobj_2))),code_line(52),code_src("file:src/agt/giacomo.asl"),env_failure_reason(env_failure(action_failed(.deployNFT,op(default,"( .deployNFT http://testchain.chon.group:9984 Y7f3X2UoZVqk26bo4Upe54e6K7qETzKC7CoagmEptUi JAX5tpv1xgkbkPvr3PX4LBP4ZugzL9aDtfGFq2cwTL8u Contract of:SitePreparation MaxPrice:2000 registredContract(cobj_2) )")))),error(action_failed),error_msg("Action failed: .deployNFT("http://testchain.chon.group:9984","Y7f3X2UoZVqk26bo4Upe54e6K7qETzKC7CoagmEptUi","JAX5tpv1xgkbkPvr3PX4LBP4ZugzL9aDtfGFq2cwTL8u","Contract of:SitePreparation","MaxPrice:2000",registredContract(cobj_2)), in namespace default, operation ( .deployNFT http://testchain.chon.group:9984 Y7f3X2UoZVqk26bo4Upe54e6K7qETzKC7CoagmEptUi JAX5tpv1xgkbkPvr3PX4LBP4ZugzL9aDtfGFq2cwTL8u Contract of:SitePreparation MaxPrice:2000 registredContract(cobj_2) )"),source(self)]
